<?xml version="1.0" encoding="UTF-8"?>
<!-- Generated by org.testng.reporters.JUnitReportReporter -->
<testsuite skipped="0" hostname="DESKTOP-FR4OI0B" name="loginTestCases.LoginTests" tests="2" failures="0" timestamp="28 Sep 2019 07:15:17 GMT" time="131.306" errors="0">
  <testcase name="TC_001_LoginTest_LoginWithValidCredential_FreeAccount" time="65.568" classname="loginTestCases.LoginTests"/>
  <testcase name="TC_002_LoginTest_VerifyPageTitle" time="65.738" classname="loginTestCases.LoginTests"/>
</testsuite> <!-- loginTestCases.LoginTests -->
